<?xml version="1.0" encoding="UTF-8"?>
<coverage generated="1594244471913" clover="3.2.0">
  <project timestamp="1594244471913" name="All files">
    <metrics statements="42" coveredstatements="42" conditionals="14" coveredconditionals="14" methods="10" coveredmethods="10" elements="66" coveredelements="66" complexity="0" loc="42" ncloc="42" packages="1" files="2" classes="2"/>
    <file name="game.js" path="C:\Users\irons\Desktop\HungryBear\src\game.js">
      <metrics statements="7" coveredstatements="7" conditionals="0" coveredconditionals="0" methods="3" coveredmethods="3"/>
      <line num="5" count="29" type="stmt"/>
      <line num="6" count="29" type="stmt"/>
      <line num="7" count="29" type="stmt"/>
      <line num="8" count="29" type="stmt"/>
      <line num="12" count="29" type="stmt"/>
      <line num="16" count="10" type="stmt"/>
      <line num="17" count="10" type="stmt"/>
    </file>
    <file name="hungrybear.js" path="C:\Users\irons\Desktop\HungryBear\src\hungrybear.js">
      <metrics statements="35" coveredstatements="35" conditionals="14" coveredconditionals="14" methods="7" coveredmethods="7"/>
      <line num="6" count="29" type="stmt"/>
      <line num="7" count="29" type="stmt"/>
      <line num="8" count="29" type="stmt"/>
      <line num="9" count="29" type="stmt"/>
      <line num="10" count="29" type="stmt"/>
      <line num="11" count="29" type="stmt"/>
      <line num="12" count="29" type="stmt"/>
      <line num="13" count="29" type="stmt"/>
      <line num="14" count="29" type="stmt"/>
      <line num="19" count="25" type="stmt"/>
      <line num="20" count="25" type="stmt"/>
      <line num="21" count="25" type="cond" truecount="2" falsecount="0"/>
      <line num="23" count="3" type="stmt"/>
      <line num="25" count="22" type="stmt"/>
      <line num="28" count="3" type="stmt"/>
      <line num="29" count="3" type="stmt"/>
      <line num="30" count="3" type="stmt"/>
      <line num="32" count="22" type="stmt"/>
      <line num="33" count="22" type="stmt"/>
      <line num="38" count="51" type="stmt"/>
      <line num="39" count="239" type="stmt"/>
      <line num="40" count="239" type="stmt"/>
      <line num="41" count="239" type="stmt"/>
      <line num="42" count="239" type="cond" truecount="2" falsecount="0"/>
      <line num="43" count="7" type="stmt"/>
      <line num="46" count="232" type="cond" truecount="2" falsecount="0"/>
      <line num="47" count="19" type="stmt"/>
      <line num="48" count="19" type="stmt"/>
      <line num="54" count="245" type="cond" truecount="5" falsecount="0"/>
      <line num="55" count="13" type="stmt"/>
      <line num="57" count="232" type="cond" truecount="2" falsecount="0"/>
      <line num="58" count="38" type="stmt"/>
      <line num="60" count="232" type="stmt"/>
      <line num="65" count="90804" type="stmt"/>
      <line num="69" count="25" type="stmt"/>
    </file>
  </project>
</coverage>
