<?xml version="1.0" encoding="UTF-8"?>
<coverage generated="1594240067670" clover="3.2.0">
  <project timestamp="1594240067670" name="All files">
    <metrics statements="30" coveredstatements="28" conditionals="10" coveredconditionals="9" methods="10" coveredmethods="9" elements="50" coveredelements="46" complexity="0" loc="30" ncloc="30" packages="1" files="2" classes="2"/>
    <file name="game.js" path="C:\Users\irons\Desktop\HungryBear\src\game.js">
      <metrics statements="6" coveredstatements="6" conditionals="0" coveredconditionals="0" methods="3" coveredmethods="3"/>
      <line num="5" count="23" type="stmt"/>
      <line num="6" count="23" type="stmt"/>
      <line num="7" count="23" type="stmt"/>
      <line num="11" count="29" type="stmt"/>
      <line num="15" count="7" type="stmt"/>
      <line num="16" count="7" type="stmt"/>
    </file>
    <file name="hungrybear.js" path="C:\Users\irons\Desktop\HungryBear\src\hungrybear.js">
      <metrics statements="24" coveredstatements="22" conditionals="10" coveredconditionals="9" methods="7" coveredmethods="6"/>
      <line num="6" count="23" type="stmt"/>
      <line num="7" count="23" type="stmt"/>
      <line num="8" count="23" type="stmt"/>
      <line num="9" count="23" type="stmt"/>
      <line num="10" count="23" type="stmt"/>
      <line num="11" count="23" type="stmt"/>
      <line num="12" count="23" type="stmt"/>
      <line num="13" count="23" type="stmt"/>
      <line num="17" count="6" type="stmt"/>
      <line num="18" count="6" type="stmt"/>
      <line num="19" count="6" type="stmt"/>
      <line num="20" count="6" type="stmt"/>
      <line num="25" count="35" type="stmt"/>
      <line num="26" count="49" type="stmt"/>
      <line num="27" count="49" type="stmt"/>
      <line num="28" count="49" type="cond" truecount="2" falsecount="0"/>
      <line num="29" count="7" type="stmt"/>
      <line num="35" count="55" type="cond" truecount="5" falsecount="0"/>
      <line num="36" count="13" type="stmt"/>
      <line num="38" count="42" type="cond" truecount="1" falsecount="1"/>
      <line num="39" count="0" type="stmt"/>
      <line num="41" count="42" type="stmt"/>
      <line num="46" count="0" type="stmt"/>
      <line num="50" count="3" type="stmt"/>
    </file>
  </project>
</coverage>
