{"C:\\Users\\irons\\Desktop\\HungryBear\\src\\game.js": {"path":"C:\\Users\\irons\\Desktop\\HungryBear\\src\\game.js","statementMap":{"0":{"start":{"line":5,"column":4},"end":{"line":5,"column":61}},"1":{"start":{"line":6,"column":4},"end":{"line":6,"column":26}},"2":{"start":{"line":7,"column":4},"end":{"line":7,"column":28}},"3":{"start":{"line":8,"column":4},"end":{"line":8,"column":25}},"4":{"start":{"line":12,"column":4},"end":{"line":12,"column":57}},"5":{"start":{"line":16,"column":4},"end":{"line":16,"column":35}},"6":{"start":{"line":17,"column":4},"end":{"line":17,"column":27}}},"fnMap":{"0":{"name":"(anonymous_0)","decl":{"start":{"line":4,"column":2},"end":{"line":4,"column":3}},"loc":{"start":{"line":4,"column":31},"end":{"line":9,"column":3}},"line":4},"1":{"name":"(anonymous_1)","decl":{"start":{"line":11,"column":2},"end":{"line":11,"column":3}},"loc":{"start":{"line":11,"column":13},"end":{"line":13,"column":3}},"line":11},"2":{"name":"(anonymous_2)","decl":{"start":{"line":15,"column":2},"end":{"line":15,"column":3}},"loc":{"start":{"line":15,"column":12},"end":{"line":18,"column":3}},"line":15}},"branchMap":{},"s":{"0":29,"1":29,"2":29,"3":29,"4":29,"5":10,"6":10},"f":{"0":29,"1":29,"2":10},"b":{},"_coverageSchema":"43e27e138ebf9cfc5966b082cf9a028302ed4184","hash":"23c932646b496ec5adb1f39feff632f0d9fc522b"}
,"C:\\Users\\irons\\Desktop\\HungryBear\\src\\hungrybear.js": {"path":"C:\\Users\\irons\\Desktop\\HungryBear\\src\\hungrybear.js","statementMap":{"0":{"start":{"line":6,"column":4},"end":{"line":6,"column":27}},"1":{"start":{"line":7,"column":4},"end":{"line":7,"column":121}},"2":{"start":{"line":8,"column":4},"end":{"line":8,"column":21}},"3":{"start":{"line":9,"column":4},"end":{"line":9,"column":24}},"4":{"start":{"line":10,"column":4},"end":{"line":10,"column":33}},"5":{"start":{"line":11,"column":4},"end":{"line":11,"column":19}},"6":{"start":{"line":12,"column":4},"end":{"line":12,"column":23}},"7":{"start":{"line":13,"column":4},"end":{"line":13,"column":31}},"8":{"start":{"line":14,"column":4},"end":{"line":14,"column":23}},"9":{"start":{"line":19,"column":4},"end":{"line":19,"column":31}},"10":{"start":{"line":20,"column":4},"end":{"line":31,"column":5}},"11":{"start":{"line":21,"column":6},"end":{"line":24,"column":7}},"12":{"start":{"line":23,"column":8},"end":{"line":23,"column":65}},"13":{"start":{"line":25,"column":6},"end":{"line":25,"column":68}},"14":{"start":{"line":28,"column":6},"end":{"line":28,"column":31}},"15":{"start":{"line":29,"column":6},"end":{"line":29,"column":27}},"16":{"start":{"line":30,"column":6},"end":{"line":30,"column":13}},"17":{"start":{"line":32,"column":4},"end":{"line":32,"column":40}},"18":{"start":{"line":33,"column":4},"end":{"line":33,"column":51}},"19":{"start":{"line":38,"column":4},"end":{"line":50,"column":51}},"20":{"start":{"line":39,"column":6},"end":{"line":39,"column":23}},"21":{"start":{"line":40,"column":6},"end":{"line":40,"column":23}},"22":{"start":{"line":41,"column":6},"end":{"line":41,"column":23}},"23":{"start":{"line":42,"column":6},"end":{"line":49,"column":7}},"24":{"start":{"line":43,"column":8},"end":{"line":43,"column":29}},"25":{"start":{"line":46,"column":6},"end":{"line":49,"column":7}},"26":{"start":{"line":47,"column":8},"end":{"line":47,"column":27}},"27":{"start":{"line":48,"column":8},"end":{"line":48,"column":29}},"28":{"start":{"line":54,"column":4},"end":{"line":61,"column":5}},"29":{"start":{"line":55,"column":6},"end":{"line":55,"column":18}},"30":{"start":{"line":57,"column":6},"end":{"line":59,"column":7}},"31":{"start":{"line":58,"column":8},"end":{"line":58,"column":27}},"32":{"start":{"line":60,"column":6},"end":{"line":60,"column":19}},"33":{"start":{"line":65,"column":4},"end":{"line":65,"column":30}},"34":{"start":{"line":69,"column":4},"end":{"line":69,"column":64}}},"fnMap":{"0":{"name":"(anonymous_0)","decl":{"start":{"line":5,"column":2},"end":{"line":5,"column":3}},"loc":{"start":{"line":5,"column":42},"end":{"line":16,"column":3}},"line":5},"1":{"name":"(anonymous_1)","decl":{"start":{"line":18,"column":2},"end":{"line":18,"column":3}},"loc":{"start":{"line":18,"column":34},"end":{"line":34,"column":3}},"line":18},"2":{"name":"(anonymous_2)","decl":{"start":{"line":37,"column":2},"end":{"line":37,"column":3}},"loc":{"start":{"line":37,"column":21},"end":{"line":51,"column":3}},"line":37},"3":{"name":"(anonymous_3)","decl":{"start":{"line":38,"column":23},"end":{"line":38,"column":24}},"loc":{"start":{"line":38,"column":29},"end":{"line":50,"column":5}},"line":38},"4":{"name":"(anonymous_4)","decl":{"start":{"line":53,"column":2},"end":{"line":53,"column":3}},"loc":{"start":{"line":53,"column":19},"end":{"line":62,"column":3}},"line":53},"5":{"name":"(anonymous_5)","decl":{"start":{"line":64,"column":2},"end":{"line":64,"column":3}},"loc":{"start":{"line":64,"column":7},"end":{"line":66,"column":3}},"line":64},"6":{"name":"(anonymous_6)","decl":{"start":{"line":68,"column":2},"end":{"line":68,"column":3}},"loc":{"start":{"line":68,"column":9},"end":{"line":70,"column":3}},"line":68}},"branchMap":{"0":{"loc":{"start":{"line":18,"column":16},"end":{"line":18,"column":33}},"type":"default-arg","locations":[{"start":{"line":18,"column":32},"end":{"line":18,"column":33}}],"line":18},"1":{"loc":{"start":{"line":21,"column":6},"end":{"line":24,"column":7}},"type":"if","locations":[{"start":{"line":21,"column":6},"end":{"line":24,"column":7}},{"start":{"line":21,"column":6},"end":{"line":24,"column":7}}],"line":21},"2":{"loc":{"start":{"line":42,"column":6},"end":{"line":49,"column":7}},"type":"if","locations":[{"start":{"line":42,"column":6},"end":{"line":49,"column":7}},{"start":{"line":42,"column":6},"end":{"line":49,"column":7}}],"line":42},"3":{"loc":{"start":{"line":46,"column":6},"end":{"line":49,"column":7}},"type":"if","locations":[{"start":{"line":46,"column":6},"end":{"line":49,"column":7}},{"start":{"line":46,"column":6},"end":{"line":49,"column":7}}],"line":46},"4":{"loc":{"start":{"line":54,"column":4},"end":{"line":61,"column":5}},"type":"if","locations":[{"start":{"line":54,"column":4},"end":{"line":61,"column":5}},{"start":{"line":54,"column":4},"end":{"line":61,"column":5}}],"line":54},"5":{"loc":{"start":{"line":54,"column":8},"end":{"line":54,"column":87}},"type":"binary-expr","locations":[{"start":{"line":54,"column":9},"end":{"line":54,"column":28}},{"start":{"line":54,"column":34},"end":{"line":54,"column":54}},{"start":{"line":54,"column":58},"end":{"line":54,"column":86}}],"line":54},"6":{"loc":{"start":{"line":57,"column":6},"end":{"line":59,"column":7}},"type":"if","locations":[{"start":{"line":57,"column":6},"end":{"line":59,"column":7}},{"start":{"line":57,"column":6},"end":{"line":59,"column":7}}],"line":57}},"s":{"0":29,"1":29,"2":29,"3":29,"4":29,"5":29,"6":29,"7":29,"8":29,"9":25,"10":25,"11":25,"12":3,"13":22,"14":3,"15":3,"16":3,"17":22,"18":22,"19":51,"20":239,"21":239,"22":239,"23":239,"24":7,"25":232,"26":19,"27":19,"28":245,"29":13,"30":232,"31":38,"32":232,"33":90804,"34":25},"f":{"0":29,"1":25,"2":51,"3":239,"4":245,"5":90804,"6":25},"b":{"0":[25],"1":[3,22],"2":[7,232],"3":[19,213],"4":[13,232],"5":[245,242,48],"6":[38,194]},"_coverageSchema":"43e27e138ebf9cfc5966b082cf9a028302ed4184","hash":"d482760f3a43ea8cefb92e00eaa293749fae8d0c"}
}
