TN:
SF:C:\Users\irons\Desktop\HungryBear\src\game.js
FN:4,(anonymous_0)
FN:10,(anonymous_1)
FN:14,(anonymous_2)
FNF:3
FNH:3
FNDA:23,(anonymous_0)
FNDA:29,(anonymous_1)
FNDA:7,(anonymous_2)
DA:5,23
DA:6,23
DA:7,23
DA:11,29
DA:15,7
DA:16,7
LF:6
LH:6
BRF:0
BRH:0
end_of_record
TN:
SF:C:\Users\irons\Desktop\HungryBear\src\hungrybear.js
FN:5,(anonymous_0)
FN:16,(anonymous_1)
FN:24,(anonymous_2)
FN:25,(anonymous_3)
FN:34,(anonymous_4)
FN:45,(anonymous_5)
FN:49,(anonymous_6)
FNF:7
FNH:6
FNDA:23,(anonymous_0)
FNDA:6,(anonymous_1)
FNDA:35,(anonymous_2)
FNDA:49,(anonymous_3)
FNDA:55,(anonymous_4)
FNDA:0,(anonymous_5)
FNDA:3,(anonymous_6)
DA:6,23
DA:7,23
DA:8,23
DA:9,23
DA:10,23
DA:11,23
DA:12,23
DA:13,23
DA:17,6
DA:18,6
DA:19,6
DA:20,6
DA:25,35
DA:26,49
DA:27,49
DA:28,49
DA:29,7
DA:35,55
DA:36,13
DA:38,42
DA:39,0
DA:41,42
DA:46,0
DA:50,3
LF:24
LH:22
BRDA:16,0,0,6
BRDA:28,1,0,7
BRDA:28,1,1,42
BRDA:35,2,0,13
BRDA:35,2,1,42
BRDA:35,3,0,55
BRDA:35,3,1,52
BRDA:35,3,2,10
BRDA:38,4,0,0
BRDA:38,4,1,42
BRF:10
BRH:9
end_of_record
