TN:
SF:C:\Users\irons\Desktop\HungryBear\src\game.js
FN:4,(anonymous_0)
FN:10,(anonymous_1)
FN:14,(anonymous_2)
FNF:3
FNH:3
FNDA:26,(anonymous_0)
FNDA:26,(anonymous_1)
FNDA:7,(anonymous_2)
DA:5,26
DA:6,26
DA:7,26
DA:11,26
DA:15,7
DA:16,7
LF:6
LH:6
BRF:0
BRH:0
end_of_record
TN:
SF:C:\Users\irons\Desktop\HungryBear\src\hungrybear.js
FN:5,(anonymous_0)
FN:18,(anonymous_1)
FN:26,(anonymous_2)
FN:27,(anonymous_3)
FN:42,(anonymous_4)
FN:53,(anonymous_5)
FN:57,(anonymous_6)
FNF:7
FNH:7
FNDA:26,(anonymous_0)
FNDA:9,(anonymous_1)
FNDA:35,(anonymous_2)
FNDA:79,(anonymous_3)
FNDA:85,(anonymous_4)
FNDA:4,(anonymous_5)
FNDA:7,(anonymous_6)
DA:6,26
DA:7,26
DA:8,26
DA:9,26
DA:10,26
DA:11,26
DA:12,26
DA:13,26
DA:14,26
DA:19,9
DA:20,9
DA:21,9
DA:22,9
DA:27,35
DA:28,79
DA:29,79
DA:30,79
DA:31,79
DA:32,7
DA:35,72
DA:36,3
DA:37,3
DA:43,85
DA:44,13
DA:46,72
DA:47,6
DA:49,72
DA:54,4
DA:58,7
LF:29
LH:29
BRDA:18,0,0,9
BRDA:31,1,0,7
BRDA:31,1,1,72
BRDA:35,2,0,3
BRDA:35,2,1,69
BRDA:43,3,0,13
BRDA:43,3,1,72
BRDA:43,4,0,85
BRDA:43,4,1,82
BRDA:43,4,2,16
BRDA:46,5,0,6
BRDA:46,5,1,66
BRF:12
BRH:12
end_of_record
